Analysis & Synthesis report for SUM_CIRCUIT
Fri May 23 12:45:19 2025
Quartus II 64-Bit Version 13.0.1 Build 232 06/12/2013 Service Pack 1 SJ Web Edition


---------------------
; Table of Contents ;
---------------------
  1. Legal Notice
  2. Analysis & Synthesis Summary
  3. Analysis & Synthesis Settings
  4. Parallel Compilation
  5. Analysis & Synthesis Source Files Read
  6. Analysis & Synthesis Resource Usage Summary
  7. Analysis & Synthesis Resource Utilization by Entity
  8. General Register Statistics
  9. Multiplexer Restructuring Statistics (Restructuring Performed)
 10. Elapsed Time Per Partition
 11. Analysis & Synthesis Messages



----------------
; Legal Notice ;
----------------
Copyright (C) 1991-2013 Altera Corporation
Your use of Altera Corporation's design tools, logic functions 
and other software and tools, and its AMPP partner logic 
functions, and any output files from any of the foregoing 
(including device programming or simulation files), and any 
associated documentation or information are expressly subject 
to the terms and conditions of the Altera Program License 
Subscription Agreement, Altera MegaCore Function License 
Agreement, or other applicable license agreement, including, 
without limitation, that your use is for the sole purpose of 
programming logic devices manufactured by Altera and sold by 
Altera or its authorized distributors.  Please refer to the 
applicable agreement for further details.



+--------------------------------------------------------------------------------------+
; Analysis & Synthesis Summary                                                         ;
+------------------------------------+-------------------------------------------------+
; Analysis & Synthesis Status        ; Successful - Fri May 23 12:45:19 2025           ;
; Quartus II 64-Bit Version          ; 13.0.1 Build 232 06/12/2013 SP 1 SJ Web Edition ;
; Revision Name                      ; SUM_CIRCUIT                                     ;
; Top-level Entity Name              ; TEST2                                           ;
; Family                             ; Cyclone II                                      ;
; Total logic elements               ; 102                                             ;
;     Total combinational functions  ; 86                                              ;
;     Dedicated logic registers      ; 28                                              ;
; Total registers                    ; 28                                              ;
; Total pins                         ; 23                                              ;
; Total virtual pins                 ; 0                                               ;
; Total memory bits                  ; 0                                               ;
; Embedded Multiplier 9-bit elements ; 0                                               ;
; Total PLLs                         ; 0                                               ;
+------------------------------------+-------------------------------------------------+


+----------------------------------------------------------------------------------------------------------------------+
; Analysis & Synthesis Settings                                                                                        ;
+----------------------------------------------------------------------------+--------------------+--------------------+
; Option                                                                     ; Setting            ; Default Value      ;
+----------------------------------------------------------------------------+--------------------+--------------------+
; Device                                                                     ; EP2C35F672C6       ;                    ;
; Top-level entity name                                                      ; TEST2              ; SUM_CIRCUIT        ;
; Family name                                                                ; Cyclone II         ; Cyclone IV GX      ;
; Use smart compilation                                                      ; Off                ; Off                ;
; Enable parallel Assembler and TimeQuest Timing Analyzer during compilation ; On                 ; On                 ;
; Enable compact report table                                                ; Off                ; Off                ;
; Restructure Multiplexers                                                   ; Auto               ; Auto               ;
; Create Debugging Nodes for IP Cores                                        ; Off                ; Off                ;
; Preserve fewer node names                                                  ; On                 ; On                 ;
; Disable OpenCore Plus hardware evaluation                                  ; Off                ; Off                ;
; Verilog Version                                                            ; Verilog_2001       ; Verilog_2001       ;
; VHDL Version                                                               ; VHDL_1993          ; VHDL_1993          ;
; State Machine Processing                                                   ; Auto               ; Auto               ;
; Safe State Machine                                                         ; Off                ; Off                ;
; Extract Verilog State Machines                                             ; On                 ; On                 ;
; Extract VHDL State Machines                                                ; On                 ; On                 ;
; Ignore Verilog initial constructs                                          ; Off                ; Off                ;
; Iteration limit for constant Verilog loops                                 ; 5000               ; 5000               ;
; Iteration limit for non-constant Verilog loops                             ; 250                ; 250                ;
; Add Pass-Through Logic to Inferred RAMs                                    ; On                 ; On                 ;
; Infer RAMs from Raw Logic                                                  ; On                 ; On                 ;
; Parallel Synthesis                                                         ; On                 ; On                 ;
; DSP Block Balancing                                                        ; Auto               ; Auto               ;
; NOT Gate Push-Back                                                         ; On                 ; On                 ;
; Power-Up Don't Care                                                        ; On                 ; On                 ;
; Remove Redundant Logic Cells                                               ; Off                ; Off                ;
; Remove Duplicate Registers                                                 ; On                 ; On                 ;
; Ignore CARRY Buffers                                                       ; Off                ; Off                ;
; Ignore CASCADE Buffers                                                     ; Off                ; Off                ;
; Ignore GLOBAL Buffers                                                      ; Off                ; Off                ;
; Ignore ROW GLOBAL Buffers                                                  ; Off                ; Off                ;
; Ignore LCELL Buffers                                                       ; Off                ; Off                ;
; Ignore SOFT Buffers                                                        ; On                 ; On                 ;
; Limit AHDL Integers to 32 Bits                                             ; Off                ; Off                ;
; Optimization Technique                                                     ; Balanced           ; Balanced           ;
; Carry Chain Length                                                         ; 70                 ; 70                 ;
; Auto Carry Chains                                                          ; On                 ; On                 ;
; Auto Open-Drain Pins                                                       ; On                 ; On                 ;
; Perform WYSIWYG Primitive Resynthesis                                      ; Off                ; Off                ;
; Auto ROM Replacement                                                       ; On                 ; On                 ;
; Auto RAM Replacement                                                       ; On                 ; On                 ;
; Auto Shift Register Replacement                                            ; Auto               ; Auto               ;
; Allow Shift Register Merging across Hierarchies                            ; Auto               ; Auto               ;
; Auto Clock Enable Replacement                                              ; On                 ; On                 ;
; Strict RAM Replacement                                                     ; Off                ; Off                ;
; Allow Synchronous Control Signals                                          ; On                 ; On                 ;
; Force Use of Synchronous Clear Signals                                     ; Off                ; Off                ;
; Auto RAM to Logic Cell Conversion                                          ; Off                ; Off                ;
; Auto Resource Sharing                                                      ; Off                ; Off                ;
; Allow Any RAM Size For Recognition                                         ; Off                ; Off                ;
; Allow Any ROM Size For Recognition                                         ; Off                ; Off                ;
; Allow Any Shift Register Size For Recognition                              ; Off                ; Off                ;
; Use LogicLock Constraints during Resource Balancing                        ; On                 ; On                 ;
; Ignore translate_off and synthesis_off directives                          ; Off                ; Off                ;
; Timing-Driven Synthesis                                                    ; Off                ; Off                ;
; Report Parameter Settings                                                  ; On                 ; On                 ;
; Report Source Assignments                                                  ; On                 ; On                 ;
; Report Connectivity Checks                                                 ; On                 ; On                 ;
; Ignore Maximum Fan-Out Assignments                                         ; Off                ; Off                ;
; Synchronization Register Chain Length                                      ; 2                  ; 2                  ;
; PowerPlay Power Optimization                                               ; Normal compilation ; Normal compilation ;
; HDL message level                                                          ; Level2             ; Level2             ;
; Suppress Register Optimization Related Messages                            ; Off                ; Off                ;
; Number of Removed Registers Reported in Synthesis Report                   ; 5000               ; 5000               ;
; Number of Swept Nodes Reported in Synthesis Report                         ; 5000               ; 5000               ;
; Number of Inverted Registers Reported in Synthesis Report                  ; 100                ; 100                ;
; Clock MUX Protection                                                       ; On                 ; On                 ;
; Auto Gated Clock Conversion                                                ; Off                ; Off                ;
; Block Design Naming                                                        ; Auto               ; Auto               ;
; SDC constraint protection                                                  ; Off                ; Off                ;
; Synthesis Effort                                                           ; Auto               ; Auto               ;
; Shift Register Replacement - Allow Asynchronous Clear Signal               ; On                 ; On                 ;
; Pre-Mapping Resynthesis Optimization                                       ; Off                ; Off                ;
; Analysis & Synthesis Message Level                                         ; Medium             ; Medium             ;
; Disable Register Merging Across Hierarchies                                ; Auto               ; Auto               ;
; Resource Aware Inference For Block RAM                                     ; On                 ; On                 ;
; Synthesis Seed                                                             ; 1                  ; 1                  ;
+----------------------------------------------------------------------------+--------------------+--------------------+


Parallel compilation was disabled, but you have multiple processors available. Enable parallel compilation to reduce compilation time.
+-------------------------------------+
; Parallel Compilation                ;
+----------------------------+--------+
; Processors                 ; Number ;
+----------------------------+--------+
; Number detected on machine ; 16     ;
; Maximum allowed            ; 1      ;
+----------------------------+--------+


+---------------------------------------------------------------------------------------------------------------------------------------------------------------+
; Analysis & Synthesis Source Files Read                                                                                                                        ;
+----------------------------------+-----------------+------------------------------------+-----------------------------------------------------------+---------+
; File Name with User-Entered Path ; Used in Netlist ; File Type                          ; File Name with Absolute Path                              ; Library ;
+----------------------------------+-----------------+------------------------------------+-----------------------------------------------------------+---------+
; DECODER2_4.bdf                   ; yes             ; User Block Diagram/Schematic File  ; E:/THIET KE LUAN LI SO/THUC HANH/LAB4_5/DECODER2_4.bdf    ;         ;
; MUX2_1.bdf                       ; yes             ; User Block Diagram/Schematic File  ; E:/THIET KE LUAN LI SO/THUC HANH/LAB4_5/MUX2_1.bdf        ;         ;
; SELECTOR_8BIT.bdf                ; yes             ; User Block Diagram/Schematic File  ; E:/THIET KE LUAN LI SO/THUC HANH/LAB4_5/SELECTOR_8BIT.bdf ;         ;
; RFC.bdf                          ; yes             ; User Block Diagram/Schematic File  ; E:/THIET KE LUAN LI SO/THUC HANH/LAB4_5/RFC.bdf           ;         ;
; REGISTER_FILE.bdf                ; yes             ; User Block Diagram/Schematic File  ; E:/THIET KE LUAN LI SO/THUC HANH/LAB4_5/REGISTER_FILE.bdf ;         ;
; TRI_8BIT.bdf                     ; yes             ; User Block Diagram/Schematic File  ; E:/THIET KE LUAN LI SO/THUC HANH/LAB4_5/TRI_8BIT.bdf      ;         ;
; MUX4_1.bdf                       ; yes             ; User Block Diagram/Schematic File  ; E:/THIET KE LUAN LI SO/THUC HANH/LAB4_5/MUX4_1.bdf        ;         ;
; FA.bdf                           ; yes             ; User Block Diagram/Schematic File  ; E:/THIET KE LUAN LI SO/THUC HANH/LAB4_5/FA.bdf            ;         ;
; FA_8BIT.bdf                      ; yes             ; User Block Diagram/Schematic File  ; E:/THIET KE LUAN LI SO/THUC HANH/LAB4_5/FA_8BIT.bdf       ;         ;
; ALU.bdf                          ; yes             ; User Block Diagram/Schematic File  ; E:/THIET KE LUAN LI SO/THUC HANH/LAB4_5/ALU.bdf           ;         ;
; RFC_0.bdf                        ; yes             ; User Block Diagram/Schematic File  ; E:/THIET KE LUAN LI SO/THUC HANH/LAB4_5/RFC_0.bdf         ;         ;
; SHIFTER.v                        ; yes             ; User Verilog HDL File              ; E:/THIET KE LUAN LI SO/THUC HANH/LAB4_5/SHIFTER.v         ;         ;
; TEST2.bdf                        ; yes             ; User Block Diagram/Schematic File  ; E:/THIET KE LUAN LI SO/THUC HANH/LAB4_5/TEST2.bdf         ;         ;
; SHIFTER_RIGHT.v                  ; yes             ; User Verilog HDL File              ; E:/THIET KE LUAN LI SO/THUC HANH/LAB4_5/SHIFTER_RIGHT.v   ;         ;
+----------------------------------+-----------------+------------------------------------+-----------------------------------------------------------+---------+


+-----------------------------------------------------+
; Analysis & Synthesis Resource Usage Summary         ;
+---------------------------------------------+-------+
; Resource                                    ; Usage ;
+---------------------------------------------+-------+
; Estimated Total logic elements              ; 102   ;
;                                             ;       ;
; Total combinational functions               ; 86    ;
; Logic element usage by number of LUT inputs ;       ;
;     -- 4 input functions                    ; 47    ;
;     -- 3 input functions                    ; 31    ;
;     -- <=2 input functions                  ; 8     ;
;                                             ;       ;
; Logic elements by mode                      ;       ;
;     -- normal mode                          ; 86    ;
;     -- arithmetic mode                      ; 0     ;
;                                             ;       ;
; Total registers                             ; 28    ;
;     -- Dedicated logic registers            ; 28    ;
;     -- I/O registers                        ; 0     ;
;                                             ;       ;
; I/O pins                                    ; 23    ;
; Embedded Multiplier 9-bit elements          ; 0     ;
; Maximum fan-out node                        ; CLOCK ;
; Maximum fan-out                             ; 28    ;
; Total fan-out                               ; 398   ;
; Average fan-out                             ; 2.91  ;
+---------------------------------------------+-------+


+----------------------------------------------------------------------------------------------------------------------------------------------------------------------------------------------------------------------------+
; Analysis & Synthesis Resource Utilization by Entity                                                                                                                                                                        ;
+--------------------------------+-------------------+--------------+-------------+--------------+---------+-----------+------+--------------+----------------------------------------------------------------+--------------+
; Compilation Hierarchy Node     ; LC Combinationals ; LC Registers ; Memory Bits ; DSP Elements ; DSP 9x9 ; DSP 18x18 ; Pins ; Virtual Pins ; Full Hierarchy Name                                            ; Library Name ;
+--------------------------------+-------------------+--------------+-------------+--------------+---------+-----------+------+--------------+----------------------------------------------------------------+--------------+
; |TEST2                         ; 86 (14)           ; 28 (4)       ; 0           ; 0            ; 0       ; 0         ; 23   ; 0            ; |TEST2                                                         ; work         ;
;    |ALU:inst2|                 ; 37 (0)            ; 0 (0)        ; 0           ; 0            ; 0       ; 0         ; 0    ; 0            ; |TEST2|ALU:inst2                                               ; work         ;
;       |FA_8BIT:inst|           ; 12 (0)            ; 0 (0)        ; 0           ; 0            ; 0       ; 0         ; 0    ; 0            ; |TEST2|ALU:inst2|FA_8BIT:inst                                  ; work         ;
;          |FA:inst1|            ; 5 (5)             ; 0 (0)        ; 0           ; 0            ; 0       ; 0         ; 0    ; 0            ; |TEST2|ALU:inst2|FA_8BIT:inst|FA:inst1                         ; work         ;
;          |FA:inst2|            ; 1 (1)             ; 0 (0)        ; 0           ; 0            ; 0       ; 0         ; 0    ; 0            ; |TEST2|ALU:inst2|FA_8BIT:inst|FA:inst2                         ; work         ;
;          |FA:inst3|            ; 1 (1)             ; 0 (0)        ; 0           ; 0            ; 0       ; 0         ; 0    ; 0            ; |TEST2|ALU:inst2|FA_8BIT:inst|FA:inst3                         ; work         ;
;          |FA:inst4|            ; 1 (1)             ; 0 (0)        ; 0           ; 0            ; 0       ; 0         ; 0    ; 0            ; |TEST2|ALU:inst2|FA_8BIT:inst|FA:inst4                         ; work         ;
;          |FA:inst5|            ; 1 (1)             ; 0 (0)        ; 0           ; 0            ; 0       ; 0         ; 0    ; 0            ; |TEST2|ALU:inst2|FA_8BIT:inst|FA:inst5                         ; work         ;
;          |FA:inst6|            ; 2 (2)             ; 0 (0)        ; 0           ; 0            ; 0       ; 0         ; 0    ; 0            ; |TEST2|ALU:inst2|FA_8BIT:inst|FA:inst6                         ; work         ;
;          |FA:inst|             ; 1 (1)             ; 0 (0)        ; 0           ; 0            ; 0       ; 0         ; 0    ; 0            ; |TEST2|ALU:inst2|FA_8BIT:inst|FA:inst                          ; work         ;
;       |MUX4_1:inst5|           ; 25 (0)            ; 0 (0)        ; 0           ; 0            ; 0       ; 0         ; 0    ; 0            ; |TEST2|ALU:inst2|MUX4_1:inst5                                  ; work         ;
;          |SELECTOR_8BIT:inst2| ; 25 (0)            ; 0 (0)        ; 0           ; 0            ; 0       ; 0         ; 0    ; 0            ; |TEST2|ALU:inst2|MUX4_1:inst5|SELECTOR_8BIT:inst2              ; work         ;
;             |MUX2_1:inst1|     ; 3 (3)             ; 0 (0)        ; 0           ; 0            ; 0       ; 0         ; 0    ; 0            ; |TEST2|ALU:inst2|MUX4_1:inst5|SELECTOR_8BIT:inst2|MUX2_1:inst1 ; work         ;
;             |MUX2_1:inst2|     ; 5 (5)             ; 0 (0)        ; 0           ; 0            ; 0       ; 0         ; 0    ; 0            ; |TEST2|ALU:inst2|MUX4_1:inst5|SELECTOR_8BIT:inst2|MUX2_1:inst2 ; work         ;
;             |MUX2_1:inst3|     ; 2 (2)             ; 0 (0)        ; 0           ; 0            ; 0       ; 0         ; 0    ; 0            ; |TEST2|ALU:inst2|MUX4_1:inst5|SELECTOR_8BIT:inst2|MUX2_1:inst3 ; work         ;
;             |MUX2_1:inst4|     ; 2 (2)             ; 0 (0)        ; 0           ; 0            ; 0       ; 0         ; 0    ; 0            ; |TEST2|ALU:inst2|MUX4_1:inst5|SELECTOR_8BIT:inst2|MUX2_1:inst4 ; work         ;
;             |MUX2_1:inst5|     ; 2 (2)             ; 0 (0)        ; 0           ; 0            ; 0       ; 0         ; 0    ; 0            ; |TEST2|ALU:inst2|MUX4_1:inst5|SELECTOR_8BIT:inst2|MUX2_1:inst5 ; work         ;
;             |MUX2_1:inst6|     ; 5 (5)             ; 0 (0)        ; 0           ; 0            ; 0       ; 0         ; 0    ; 0            ; |TEST2|ALU:inst2|MUX4_1:inst5|SELECTOR_8BIT:inst2|MUX2_1:inst6 ; work         ;
;             |MUX2_1:instK|     ; 3 (3)             ; 0 (0)        ; 0           ; 0            ; 0       ; 0         ; 0    ; 0            ; |TEST2|ALU:inst2|MUX4_1:inst5|SELECTOR_8BIT:inst2|MUX2_1:instK ; work         ;
;             |MUX2_1:inst|      ; 3 (3)             ; 0 (0)        ; 0           ; 0            ; 0       ; 0         ; 0    ; 0            ; |TEST2|ALU:inst2|MUX4_1:inst5|SELECTOR_8BIT:inst2|MUX2_1:inst  ; work         ;
;    |REGISTER_FILE:inst|        ; 27 (22)           ; 24 (0)       ; 0           ; 0            ; 0       ; 0         ; 0    ; 0            ; |TEST2|REGISTER_FILE:inst                                      ; work         ;
;       |DECODER2_4:inst18|      ; 3 (3)             ; 0 (0)        ; 0           ; 0            ; 0       ; 0         ; 0    ; 0            ; |TEST2|REGISTER_FILE:inst|DECODER2_4:inst18                    ; work         ;
;       |DECODER2_4:inst20|      ; 2 (2)             ; 0 (0)        ; 0           ; 0            ; 0       ; 0         ; 0    ; 0            ; |TEST2|REGISTER_FILE:inst|DECODER2_4:inst20                    ; work         ;
;       |RFC:inst11|             ; 0 (0)             ; 1 (1)        ; 0           ; 0            ; 0       ; 0         ; 0    ; 0            ; |TEST2|REGISTER_FILE:inst|RFC:inst11                           ; work         ;
;       |RFC:inst12|             ; 0 (0)             ; 1 (1)        ; 0           ; 0            ; 0       ; 0         ; 0    ; 0            ; |TEST2|REGISTER_FILE:inst|RFC:inst12                           ; work         ;
;       |RFC:inst13|             ; 0 (0)             ; 1 (1)        ; 0           ; 0            ; 0       ; 0         ; 0    ; 0            ; |TEST2|REGISTER_FILE:inst|RFC:inst13                           ; work         ;
;       |RFC:inst16|             ; 0 (0)             ; 1 (1)        ; 0           ; 0            ; 0       ; 0         ; 0    ; 0            ; |TEST2|REGISTER_FILE:inst|RFC:inst16                           ; work         ;
;       |RFC:inst19|             ; 0 (0)             ; 1 (1)        ; 0           ; 0            ; 0       ; 0         ; 0    ; 0            ; |TEST2|REGISTER_FILE:inst|RFC:inst19                           ; work         ;
;       |RFC:inst21|             ; 0 (0)             ; 1 (1)        ; 0           ; 0            ; 0       ; 0         ; 0    ; 0            ; |TEST2|REGISTER_FILE:inst|RFC:inst21                           ; work         ;
;       |RFC:inst22|             ; 0 (0)             ; 1 (1)        ; 0           ; 0            ; 0       ; 0         ; 0    ; 0            ; |TEST2|REGISTER_FILE:inst|RFC:inst22                           ; work         ;
;       |RFC:inst23|             ; 0 (0)             ; 1 (1)        ; 0           ; 0            ; 0       ; 0         ; 0    ; 0            ; |TEST2|REGISTER_FILE:inst|RFC:inst23                           ; work         ;
;       |RFC:inst24|             ; 0 (0)             ; 1 (1)        ; 0           ; 0            ; 0       ; 0         ; 0    ; 0            ; |TEST2|REGISTER_FILE:inst|RFC:inst24                           ; work         ;
;       |RFC:inst25|             ; 0 (0)             ; 1 (1)        ; 0           ; 0            ; 0       ; 0         ; 0    ; 0            ; |TEST2|REGISTER_FILE:inst|RFC:inst25                           ; work         ;
;       |RFC:inst26|             ; 0 (0)             ; 1 (1)        ; 0           ; 0            ; 0       ; 0         ; 0    ; 0            ; |TEST2|REGISTER_FILE:inst|RFC:inst26                           ; work         ;
;       |RFC:inst27|             ; 0 (0)             ; 1 (1)        ; 0           ; 0            ; 0       ; 0         ; 0    ; 0            ; |TEST2|REGISTER_FILE:inst|RFC:inst27                           ; work         ;
;       |RFC:inst28|             ; 0 (0)             ; 1 (1)        ; 0           ; 0            ; 0       ; 0         ; 0    ; 0            ; |TEST2|REGISTER_FILE:inst|RFC:inst28                           ; work         ;
;       |RFC:inst29|             ; 0 (0)             ; 1 (1)        ; 0           ; 0            ; 0       ; 0         ; 0    ; 0            ; |TEST2|REGISTER_FILE:inst|RFC:inst29                           ; work         ;
;       |RFC:inst30|             ; 0 (0)             ; 1 (1)        ; 0           ; 0            ; 0       ; 0         ; 0    ; 0            ; |TEST2|REGISTER_FILE:inst|RFC:inst30                           ; work         ;
;       |RFC:inst31|             ; 0 (0)             ; 1 (1)        ; 0           ; 0            ; 0       ; 0         ; 0    ; 0            ; |TEST2|REGISTER_FILE:inst|RFC:inst31                           ; work         ;
;       |RFC:inst32|             ; 0 (0)             ; 1 (1)        ; 0           ; 0            ; 0       ; 0         ; 0    ; 0            ; |TEST2|REGISTER_FILE:inst|RFC:inst32                           ; work         ;
;       |RFC:inst35|             ; 0 (0)             ; 1 (1)        ; 0           ; 0            ; 0       ; 0         ; 0    ; 0            ; |TEST2|REGISTER_FILE:inst|RFC:inst35                           ; work         ;
;       |RFC:inst36|             ; 0 (0)             ; 1 (1)        ; 0           ; 0            ; 0       ; 0         ; 0    ; 0            ; |TEST2|REGISTER_FILE:inst|RFC:inst36                           ; work         ;
;       |RFC:inst37|             ; 0 (0)             ; 1 (1)        ; 0           ; 0            ; 0       ; 0         ; 0    ; 0            ; |TEST2|REGISTER_FILE:inst|RFC:inst37                           ; work         ;
;       |RFC:inst38|             ; 0 (0)             ; 1 (1)        ; 0           ; 0            ; 0       ; 0         ; 0    ; 0            ; |TEST2|REGISTER_FILE:inst|RFC:inst38                           ; work         ;
;       |RFC:inst4|              ; 0 (0)             ; 1 (1)        ; 0           ; 0            ; 0       ; 0         ; 0    ; 0            ; |TEST2|REGISTER_FILE:inst|RFC:inst4                            ; work         ;
;       |RFC:inst5|              ; 0 (0)             ; 1 (1)        ; 0           ; 0            ; 0       ; 0         ; 0    ; 0            ; |TEST2|REGISTER_FILE:inst|RFC:inst5                            ; work         ;
;       |RFC:inst6|              ; 0 (0)             ; 1 (1)        ; 0           ; 0            ; 0       ; 0         ; 0    ; 0            ; |TEST2|REGISTER_FILE:inst|RFC:inst6                            ; work         ;
;    |SELECTOR_8BIT:inst1|       ; 8 (0)             ; 0 (0)        ; 0           ; 0            ; 0       ; 0         ; 0    ; 0            ; |TEST2|SELECTOR_8BIT:inst1                                     ; work         ;
;       |MUX2_1:inst1|           ; 1 (1)             ; 0 (0)        ; 0           ; 0            ; 0       ; 0         ; 0    ; 0            ; |TEST2|SELECTOR_8BIT:inst1|MUX2_1:inst1                        ; work         ;
;       |MUX2_1:inst2|           ; 1 (1)             ; 0 (0)        ; 0           ; 0            ; 0       ; 0         ; 0    ; 0            ; |TEST2|SELECTOR_8BIT:inst1|MUX2_1:inst2                        ; work         ;
;       |MUX2_1:inst3|           ; 1 (1)             ; 0 (0)        ; 0           ; 0            ; 0       ; 0         ; 0    ; 0            ; |TEST2|SELECTOR_8BIT:inst1|MUX2_1:inst3                        ; work         ;
;       |MUX2_1:inst4|           ; 1 (1)             ; 0 (0)        ; 0           ; 0            ; 0       ; 0         ; 0    ; 0            ; |TEST2|SELECTOR_8BIT:inst1|MUX2_1:inst4                        ; work         ;
;       |MUX2_1:inst5|           ; 1 (1)             ; 0 (0)        ; 0           ; 0            ; 0       ; 0         ; 0    ; 0            ; |TEST2|SELECTOR_8BIT:inst1|MUX2_1:inst5                        ; work         ;
;       |MUX2_1:inst6|           ; 1 (1)             ; 0 (0)        ; 0           ; 0            ; 0       ; 0         ; 0    ; 0            ; |TEST2|SELECTOR_8BIT:inst1|MUX2_1:inst6                        ; work         ;
;       |MUX2_1:instK|           ; 1 (1)             ; 0 (0)        ; 0           ; 0            ; 0       ; 0         ; 0    ; 0            ; |TEST2|SELECTOR_8BIT:inst1|MUX2_1:instK                        ; work         ;
;       |MUX2_1:inst|            ; 1 (1)             ; 0 (0)        ; 0           ; 0            ; 0       ; 0         ; 0    ; 0            ; |TEST2|SELECTOR_8BIT:inst1|MUX2_1:inst                         ; work         ;
+--------------------------------+-------------------+--------------+-------------+--------------+---------+-----------+------+--------------+----------------------------------------------------------------+--------------+
Note: For table entries with two numbers listed, the numbers in parentheses indicate the number of resources of the given type used by the specific entity alone. The numbers listed outside of parentheses indicate the total resources of the given type used by the specific entity and all of its sub-entities in the hierarchy.


+------------------------------------------------------+
; General Register Statistics                          ;
+----------------------------------------------+-------+
; Statistic                                    ; Value ;
+----------------------------------------------+-------+
; Total registers                              ; 28    ;
; Number of registers using Synchronous Clear  ; 0     ;
; Number of registers using Synchronous Load   ; 0     ;
; Number of registers using Asynchronous Clear ; 0     ;
; Number of registers using Asynchronous Load  ; 0     ;
; Number of registers using Clock Enable       ; 24    ;
; Number of registers using Preset             ; 0     ;
+----------------------------------------------+-------+


+------------------------------------------------------------------------------------------------------------------------------------------------------------------------------------+
; Multiplexer Restructuring Statistics (Restructuring Performed)                                                                                                                     ;
+--------------------+-----------+---------------+----------------------+------------------------+------------+----------------------------------------------------------------------+
; Multiplexer Inputs ; Bus Width ; Baseline Area ; Area if Restructured ; Saving if Restructured ; Registered ; Example Multiplexer Output                                           ;
+--------------------+-----------+---------------+----------------------+------------------------+------------+----------------------------------------------------------------------+
; 3:1                ; 2 bits    ; 4 LEs         ; 4 LEs                ; 0 LEs                  ; No         ; |TEST2|ALU:inst2|MUX4_1:inst5|SELECTOR_8BIT:inst2|MUX2_1:inst|inst2  ;
; 4:1                ; 6 bits    ; 12 LEs        ; 12 LEs               ; 0 LEs                  ; No         ; |TEST2|ALU:inst2|MUX4_1:inst5|SELECTOR_8BIT:inst2|MUX2_1:inst3|inst2 ;
; 4:1                ; 2 bits    ; 4 LEs         ; 4 LEs                ; 0 LEs                  ; No         ; |TEST2|REGISTER_FILE:inst|A[0]                                       ;
; 4:1                ; 6 bits    ; 12 LEs        ; 12 LEs               ; 0 LEs                  ; No         ; |TEST2|REGISTER_FILE:inst|A[1]                                       ;
+--------------------+-----------+---------------+----------------------+------------------------+------------+----------------------------------------------------------------------+


+-------------------------------+
; Elapsed Time Per Partition    ;
+----------------+--------------+
; Partition Name ; Elapsed Time ;
+----------------+--------------+
; Top            ; 00:00:00     ;
+----------------+--------------+


+-------------------------------+
; Analysis & Synthesis Messages ;
+-------------------------------+
Info: *******************************************************************
Info: Running Quartus II 64-Bit Analysis & Synthesis
    Info: Version 13.0.1 Build 232 06/12/2013 Service Pack 1 SJ Web Edition
    Info: Processing started: Fri May 23 12:45:18 2025
Info: Command: quartus_map --read_settings_files=on --write_settings_files=off SUM_CIR -c SUM_CIRCUIT
Warning (20028): Parallel compilation is not licensed and has been disabled
Info (12021): Found 1 design units, including 1 entities, in source file decoder2_4.bdf
    Info (12023): Found entity 1: DECODER2_4
Info (12021): Found 1 design units, including 1 entities, in source file mux2_1.bdf
    Info (12023): Found entity 1: MUX2_1
Info (12021): Found 1 design units, including 1 entities, in source file selector_8bit.bdf
    Info (12023): Found entity 1: SELECTOR_8BIT
Info (12021): Found 1 design units, including 1 entities, in source file rfc.bdf
    Info (12023): Found entity 1: RFC
Info (12021): Found 1 design units, including 1 entities, in source file register_file.bdf
    Info (12023): Found entity 1: REGISTER_FILE
Info (12021): Found 1 design units, including 1 entities, in source file tri_8bit.bdf
    Info (12023): Found entity 1: TRI_8BIT
Info (12021): Found 1 design units, including 1 entities, in source file mux4_1.bdf
    Info (12023): Found entity 1: MUX4_1
Info (12021): Found 1 design units, including 1 entities, in source file fa.bdf
    Info (12023): Found entity 1: FA
Info (12021): Found 1 design units, including 1 entities, in source file fa_8bit.bdf
    Info (12023): Found entity 1: FA_8BIT
Info (12021): Found 1 design units, including 1 entities, in source file sub.bdf
    Info (12023): Found entity 1: SUB
Info (12021): Found 1 design units, including 1 entities, in source file alu.bdf
    Info (12023): Found entity 1: ALU
Info (12021): Found 1 design units, including 1 entities, in source file cong_1.bdf
    Info (12023): Found entity 1: CONG_1
Info (12021): Found 1 design units, including 1 entities, in source file tru_1.bdf
    Info (12023): Found entity 1: TRU_1
Info (12021): Found 1 design units, including 1 entities, in source file sum_circuit.bdf
    Info (12023): Found entity 1: SUM_CIRCUIT
Info (12021): Found 1 design units, including 1 entities, in source file test.bdf
    Info (12023): Found entity 1: TEST
Info (12021): Found 1 design units, including 1 entities, in source file rfc_0.bdf
    Info (12023): Found entity 1: RFC_0
Info (12021): Found 1 design units, including 1 entities, in source file shifter.v
    Info (12023): Found entity 1: SHIFTER
Info (12021): Found 1 design units, including 1 entities, in source file test2.bdf
    Info (12023): Found entity 1: TEST2
Info (12021): Found 1 design units, including 1 entities, in source file shifter_right.v
    Info (12023): Found entity 1: SHIFTER_RIGHT
Info (12127): Elaborating entity "TEST2" for the top level hierarchy
Info (12128): Elaborating entity "ALU" for hierarchy "ALU:inst2"
Info (12128): Elaborating entity "MUX4_1" for hierarchy "ALU:inst2|MUX4_1:inst5"
Info (12128): Elaborating entity "SELECTOR_8BIT" for hierarchy "ALU:inst2|MUX4_1:inst5|SELECTOR_8BIT:inst2"
Info (12128): Elaborating entity "MUX2_1" for hierarchy "ALU:inst2|MUX4_1:inst5|SELECTOR_8BIT:inst2|MUX2_1:inst"
Info (12128): Elaborating entity "FA_8BIT" for hierarchy "ALU:inst2|FA_8BIT:inst"
Info (12128): Elaborating entity "FA" for hierarchy "ALU:inst2|FA_8BIT:inst|FA:inst7"
Info (12128): Elaborating entity "SHIFTER" for hierarchy "ALU:inst2|SHIFTER:inst1"
Info (12128): Elaborating entity "SHIFTER_RIGHT" for hierarchy "ALU:inst2|SHIFTER_RIGHT:inst2"
Info (12128): Elaborating entity "REGISTER_FILE" for hierarchy "REGISTER_FILE:inst"
Info (12128): Elaborating entity "RFC" for hierarchy "REGISTER_FILE:inst|RFC:inst4"
Info (12128): Elaborating entity "DECODER2_4" for hierarchy "REGISTER_FILE:inst|DECODER2_4:inst18"
Info (12128): Elaborating entity "RFC_0" for hierarchy "REGISTER_FILE:inst|RFC_0:inst"
Info (12128): Elaborating entity "TRI_8BIT" for hierarchy "TRI_8BIT:inst3"
Warning (13046): Tri-state node(s) do not directly drive top-level pin(s)
    Warning (13048): Converted tri-state node "REGISTER_FILE:inst|A[7]" into a selector
    Warning (13048): Converted tri-state node "REGISTER_FILE:inst|A[6]" into a selector
    Warning (13048): Converted tri-state node "REGISTER_FILE:inst|A[5]" into a selector
    Warning (13048): Converted tri-state node "REGISTER_FILE:inst|A[4]" into a selector
    Warning (13048): Converted tri-state node "REGISTER_FILE:inst|A[3]" into a selector
    Warning (13048): Converted tri-state node "REGISTER_FILE:inst|A[2]" into a selector
    Warning (13048): Converted tri-state node "REGISTER_FILE:inst|A[1]" into a selector
    Warning (13048): Converted tri-state node "REGISTER_FILE:inst|A[0]" into a selector
    Warning (13048): Converted tri-state node "REGISTER_FILE:inst|B[7]" into a selector
    Warning (13048): Converted tri-state node "REGISTER_FILE:inst|B[6]" into a selector
    Warning (13048): Converted tri-state node "REGISTER_FILE:inst|B[5]" into a selector
    Warning (13048): Converted tri-state node "REGISTER_FILE:inst|B[4]" into a selector
    Warning (13048): Converted tri-state node "REGISTER_FILE:inst|B[3]" into a selector
    Warning (13048): Converted tri-state node "REGISTER_FILE:inst|B[2]" into a selector
    Warning (13048): Converted tri-state node "REGISTER_FILE:inst|B[1]" into a selector
    Warning (13048): Converted tri-state node "REGISTER_FILE:inst|B[0]" into a selector
Info (16010): Generating hard_block partition "hard_block:auto_generated_inst"
    Info (16011): Adding 0 node(s), including 0 DDIO, 0 PLL, 0 transceiver and 0 LCELL
Info (21057): Implemented 134 device resources after synthesis - the final resource count might be different
    Info (21058): Implemented 10 input pins
    Info (21059): Implemented 13 output pins
    Info (21061): Implemented 111 logic cells
Info: Quartus II 64-Bit Analysis & Synthesis was successful. 0 errors, 18 warnings
    Info: Peak virtual memory: 4602 megabytes
    Info: Processing ended: Fri May 23 12:45:19 2025
    Info: Elapsed time: 00:00:01
    Info: Total CPU time (on all processors): 00:00:01


